# JRE version: Java(TM) SE Runtime Environment (8.0_111-b14) (build 1.8.0_111-b14)
# Java VM: Java HotSpot(TM) 64-Bit Server VM (25.111-b14 mixed mode windows-amd64 compressed oops)
Heap:
 PSYoungGen      total 138240K, used 2539K [0x00000000eb100000, 0x00000000f4400000, 0x0000000100000000)
  eden space 126976K, 2% used [0x00000000eb100000,0x00000000eb37afe0,0x00000000f2d00000)
  from space 11264K, 0% used [0x00000000f3900000,0x00000000f3900000,0x00000000f4400000)
  to   space 11776K, 0% used [0x00000000f2d00000,0x00000000f2d00000,0x00000000f3880000)
 ParOldGen       total 59904K, used 16898K [0x00000000c1200000, 0x00000000c4c80000, 0x00000000eb100000)
  object space 59904K, 28% used [0x00000000c1200000,0x00000000c2280900,0x00000000c4c80000)
 Metaspace       used 35443K, capacity 37766K, committed 38016K, reserved 1081344K
  class space    used 4776K, capacity 5148K, committed 5248K, reserved 1048576K
GC Heap History (10 events):
Event: 158.016 GC heap before
{Heap before GC invocations=21 (full 7):
 PSYoungGen      total 139776K, used 2544K [0x00000000eb100000, 0x00000000f4600000, 0x0000000100000000)
  eden space 126976K, 0% used [0x00000000eb100000,0x00000000eb100000,0x00000000f2d00000)
  from space 12800K, 19% used [0x00000000f3980000,0x00000000f3bfc298,0x00000000f4600000)
  to   space 12800K, 0% used [0x00000000f2d00000,0x00000000f2d00000,0x00000000f3980000)
 ParOldGen       total 59904K, used 16416K [0x00000000c1200000, 0x00000000c4c80000, 0x00000000eb100000)
  object space 59904K, 27% used [0x00000000c1200000,0x00000000c2208308,0x00000000c4c80000)
 Metaspace       used 35314K, capacity 37498K, committed 37760K, reserved 1081344K
  class space    used 4757K, capacity 5121K, committed 5248K, reserved 1048576K
Event: 158.172 GC heap after
Heap after GC invocations=21 (full 7):
 PSYoungGen      total 139776K, used 0K [0x00000000eb100000, 0x00000000f4600000, 0x0000000100000000)
  eden space 126976K, 0% used [0x00000000eb100000,0x00000000eb100000,0x00000000f2d00000)
  from space 12800K, 0% used [0x00000000f3980000,0x00000000f3980000,0x00000000f4600000)
  to   space 12800K, 0% used [0x00000000f2d00000,0x00000000f2d00000,0x00000000f3980000)
 ParOldGen       total 59904K, used 16488K [0x00000000c1200000, 0x00000000c4c80000, 0x00000000eb100000)
  object space 59904K, 27% used [0x00000000c1200000,0x00000000c221a1e0,0x00000000c4c80000)
 Metaspace       used 35311K, capacity 37492K, committed 37760K, reserved 1081344K
  class space    used 4756K, capacity 5119K, committed 5248K, reserved 1048576K
}
Event: 163.631 GC heap before
{Heap before GC invocations=22 (full 7):
 PSYoungGen      total 139776K, used 59806K [0x00000000eb100000, 0x00000000f4600000, 0x0000000100000000)
  eden space 126976K, 47% used [0x00000000eb100000,0x00000000eeb67aa8,0x00000000f2d00000)
  from space 12800K, 0% used [0x00000000f3980000,0x00000000f3980000,0x00000000f4600000)
  to   space 12800K, 0% used [0x00000000f2d00000,0x00000000f2d00000,0x00000000f3980000)
 ParOldGen       total 59904K, used 16488K [0x00000000c1200000, 0x00000000c4c80000, 0x00000000eb100000)
  object space 59904K, 27% used [0x00000000c1200000,0x00000000c221a1e0,0x00000000c4c80000)
 Metaspace       used 35387K, capacity 37674K, committed 38016K, reserved 1081344K
  class space    used 4770K, capacity 5142K, committed 5248K, reserved 1048576K
Event: 163.635 GC heap after
Heap after GC invocations=22 (full 7):
 PSYoungGen      total 129536K, used 2555K [0x00000000eb100000, 0x00000000f4500000, 0x0000000100000000)
  eden space 126976K, 0% used [0x00000000eb100000,0x00000000eb100000,0x00000000f2d00000)
  from space 2560K, 99% used [0x00000000f2d00000,0x00000000f2f7ed70,0x00000000f2f80000)
  to   space 12288K, 0% used [0x00000000f3900000,0x00000000f3900000,0x00000000f4500000)
 ParOldGen       total 59904K, used 16496K [0x00000000c1200000, 0x00000000c4c80000, 0x00000000eb100000)
  object space 59904K, 27% used [0x00000000c1200000,0x00000000c221c1e0,0x00000000c4c80000)
 Metaspace       used 35387K, capacity 37674K, committed 38016K, reserved 1081344K
  class space    used 4770K, capacity 5142K, committed 5248K, reserved 1048576K
}
Event: 163.635 GC heap before
{Heap before GC invocations=23 (full 8):
 PSYoungGen      total 129536K, used 2555K [0x00000000eb100000, 0x00000000f4500000, 0x0000000100000000)
  eden space 126976K, 0% used [0x00000000eb100000,0x00000000eb100000,0x00000000f2d00000)
  from space 2560K, 99% used [0x00000000f2d00000,0x00000000f2f7ed70,0x00000000f2f80000)
  to   space 12288K, 0% used [0x00000000f3900000,0x00000000f3900000,0x00000000f4500000)
 ParOldGen       total 59904K, used 16496K [0x00000000c1200000, 0x00000000c4c80000, 0x00000000eb100000)
  object space 59904K, 27% used [0x00000000c1200000,0x00000000c221c1e0,0x00000000c4c80000)
 Metaspace       used 35387K, capacity 37674K, committed 38016K, reserved 1081344K
  class space    used 4770K, capacity 5142K, committed 5248K, reserved 1048576K
Event: 163.798 GC heap after
Heap after GC invocations=23 (full 8):
 PSYoungGen      total 129536K, used 0K [0x00000000eb100000, 0x00000000f4500000, 0x0000000100000000)
  eden space 126976K, 0% used [0x00000000eb100000,0x00000000eb100000,0x00000000f2d00000)
  from space 2560K, 0% used [0x00000000f2d00000,0x00000000f2d00000,0x00000000f2f80000)
  to   space 12288K, 0% used [0x00000000f3900000,0x00000000f3900000,0x00000000f4500000)
 ParOldGen       total 59904K, used 16562K [0x00000000c1200000, 0x00000000c4c80000, 0x00000000eb100000)
  object space 59904K, 27% used [0x00000000c1200000,0x00000000c222c808,0x00000000c4c80000)
 Metaspace       used 35384K, capacity 37668K, committed 38016K, reserved 1081344K
  class space    used 4769K, capacity 5140K, committed 5248K, reserved 1048576K
}
Event: 200.856 GC heap before
{Heap before GC invocations=24 (full 8):
 PSYoungGen      total 129536K, used 62028K [0x00000000eb100000, 0x00000000f4500000, 0x0000000100000000)
  eden space 126976K, 48% used [0x00000000eb100000,0x00000000eed93300,0x00000000f2d00000)
  from space 2560K, 0% used [0x00000000f2d00000,0x00000000f2d00000,0x00000000f2f80000)
  to   space 12288K, 0% used [0x00000000f3900000,0x00000000f3900000,0x00000000f4500000)
 ParOldGen       total 59904K, used 16562K [0x00000000c1200000, 0x00000000c4c80000, 0x00000000eb100000)
  object space 59904K, 27% used [0x00000000c1200000,0x00000000c222c808,0x00000000c4c80000)
 Metaspace       used 35445K, capacity 37772K, committed 38016K, reserved 1081344K
  class space    used 4777K, capacity 5150K, committed 5248K, reserved 1048576K
Event: 200.861 GC heap after
Heap after GC invocations=24 (full 8):
 PSYoungGen      total 138240K, used 2811K [0x00000000eb100000, 0x00000000f4400000, 0x0000000100000000)
  eden space 126976K, 0% used [0x00000000eb100000,0x00000000eb100000,0x00000000f2d00000)
  from space 11264K, 24% used [0x00000000f3900000,0x00000000f3bbed70,0x00000000f4400000)
  to   space 11776K, 0% used [0x00000000f2d00000,0x00000000f2d00000,0x00000000f3880000)
 ParOldGen       total 59904K, used 16570K [0x00000000c1200000, 0x00000000c4c80000, 0x00000000eb100000)
  object space 59904K, 27% used [0x00000000c1200000,0x00000000c222e808,0x00000000c4c80000)
 Metaspace       used 35445K, capacity 37772K, committed 38016K, reserved 1081344K
  class space    used 4777K, capacity 5150K, committed 5248K, reserved 1048576K
}
Event: 200.861 GC heap before
{Heap before GC invocations=25 (full 9):
 PSYoungGen      total 138240K, used 2811K [0x00000000eb100000, 0x00000000f4400000, 0x0000000100000000)
  eden space 126976K, 0% used [0x00000000eb100000,0x00000000eb100000,0x00000000f2d00000)
  from space 11264K, 24% used [0x00000000f3900000,0x00000000f3bbed70,0x00000000f4400000)
  to   space 11776K, 0% used [0x00000000f2d00000,0x00000000f2d00000,0x00000000f3880000)
 ParOldGen       total 59904K, used 16570K [0x00000000c1200000, 0x00000000c4c80000, 0x00000000eb100000)
  object space 59904K, 27% used [0x00000000c1200000,0x00000000c222e808,0x00000000c4c80000)
 Metaspace       used 35445K, capacity 37772K, committed 38016K, reserved 1081344K
  class space    used 4777K, capacity 5150K, committed 5248K, reserved 1048576K
Event: 200.946 GC heap after
Heap after GC invocations=25 (full 9):
 PSYoungGen      total 138240K, used 0K [0x00000000eb100000, 0x00000000f4400000, 0x0000000100000000)
  eden space 126976K, 0% used [0x00000000eb100000,0x00000000eb100000,0x00000000f2d00000)
  from space 11264K, 0% used [0x00000000f3900000,0x00000000f3900000,0x00000000f4400000)
  to   space 11776K, 0% used [0x00000000f2d00000,0x00000000f2d00000,0x00000000f3880000)
 ParOldGen       total 59904K, used 16898K [0x00000000c1200000, 0x00000000c4c80000, 0x00000000eb100000)
  object space 59904K, 28% used [0x00000000c1200000,0x00000000c2280900,0x00000000c4c80000)
 Metaspace       used 35443K, capacity 37766K, committed 38016K, reserved 1081344K
  class space    used 4776K, capacity 5148K, committed 5248K, reserved 1048576K
}

